================================================================================
Date: Saturday, November 09, 2019
Time: 05:33:47 PM EST

* Project root: ../Data/data/airplane-ticketing/RSK
* Source code: src
* Project test suite: test
* Number of test runs: 500
================================================================================

2019-11-09 22:33:47,250 [INFO]    Synchronized methods
2019-11-09 22:33:47,279 [INFO]    Statements accessing global variables
2019-11-09 22:33:47,489 [INFO]    Statements accessing object variables
2019-11-09 22:33:47,525 [INFO]    Synchronized blocks
2019-11-09 22:33:47,551 [INFO]    Remove annotations in threaded class methods
2019-11-09 22:33:47,618 [DEBUG]   Introduced a total of 4 annotations
2019-11-09 22:33:47,618 [DEBUG]   Output files saved at 'core/annotate/out'
2019-11-09 23:31:20,202 [DEBUG]   Completed in 3452 seconds and 583.047 milliseconds
2019-11-09 23:31:20,203 [DEBUG]   Project details by annotation ID stored at: 'core/volumes/log/details/RSK__500__20191109173347190899__annotation-details.log'
2019-11-09 23:31:20,203 [DEBUG]   Temporarily skipping "Search" step...
2019-11-09 23:31:20,203 [INFO]    Parse and store container runtime metrics

Average CPU usage: 36.93%
Average memory usage: 0.37%
Average number of PIDs: 28.74

2019-11-09 23:31:22,711 [DEBUG]   Exhaustive approach finished in 3452 seconds and 583.047 milliseconds
2019-11-09 23:31:22,711 [INFO]    CFLASH finished in 3453 seconds and 11.658 milliseconds
2019-11-09 23:31:22,712 [DEBUG]   No bugs found
2019-11-09 23:31:22,712 [INFO]    Temporarily skipping "Search" step...
