================================================================================
Date: Monday, November 11, 2019
Time: 07:56:10 PM EST

* Project root: ../Data/data/banking/MSP
* Source code: src
* Project test suite: test
* Number of test runs: 500
================================================================================

2019-11-12 00:56:10,644 [INFO]    Synchronized methods
2019-11-12 00:56:10,677 [INFO]    Statements accessing global variables
2019-11-12 00:56:10,908 [INFO]    Statements accessing object variables
2019-11-12 00:56:10,943 [INFO]    Synchronized blocks
2019-11-12 00:56:10,977 [INFO]    Remove annotations in threaded class methods
2019-11-12 00:56:11,047 [DEBUG]   Introduced a total of 5 annotations
2019-11-12 00:56:11,047 [DEBUG]   Output files saved at 'core/annotate/out'
2019-11-12 02:27:49,708 [DEBUG]   Completed in 5498 seconds and 645.964 milliseconds
2019-11-12 02:27:49,714 [DEBUG]   Project details by annotation ID stored at: 'core/volumes/log/details/MSP__500__20191111195610557110__annotation-details.log'
2019-11-12 02:27:49,714 [DEBUG]   Temporarily skipping "Search" step...
2019-11-12 02:27:49,714 [INFO]    Parse and store container runtime metrics

Average CPU usage: 26.54%
Average memory usage: 0.36%
Average number of PIDs: 23.01

2019-11-12 02:27:52,310 [DEBUG]   Exhaustive approach finished in 5498 seconds and 645.964 milliseconds
2019-11-12 02:27:52,310 [INFO]    CFLASH finished in 5499 seconds and 156.709 milliseconds
2019-11-12 02:27:52,310 [DEBUG]   No bugs found
2019-11-12 02:27:52,310 [INFO]    Temporarily skipping "Search" step...
