{
    "1": {
        "class": "Account",
        "content": "return this.balance",
        "failure-rate": 1.0,
        "file": "Account.java",
        "method": "public int getBalance ()",
        "type": "statement"
    },
    "2": {
        "class": "Account",
        "content": "if (task) {",
        "failure-rate": 1.0,
        "file": "Account.java",
        "method": "public void applyTransaction (String threadName, int amount, boolean task)",
        "type": "statement"
    },
    "3": {
        "class": "Account",
        "content": "this.balance += amount;",
        "failure-rate": 1.0,
        "file": "Account.java",
        "method": "public void applyTransaction (String threadName, int amount, boolean task)",
        "type": "statement"
    },
    "4": {
        "class": "Account",
        "content": "if (amount < this.balance) {",
        "failure-rate": 1.0,
        "file": "Account.java",
        "method": "public void applyTransaction (String threadName, int amount, boolean task)",
        "type": "statement"
    },
    "5": {
        "class": "Account",
        "content": "this.balance -= amount;",
        "failure-rate": 1.0,
        "file": "Account.java",
        "method": "public void applyTransaction (String threadName, int amount, boolean task)",
        "type": "statement"
    }
}