================================================================================
Project name: Account (Remove synchronized block - Version 1 and 2 combined)
Date: Monday, November 25, 2019
Time: 08:23:51 PM EST

* Project root: ../Data/data/my-account/RSB/v1_v2
* Source code: src
* Project test suite: test
* Number of test runs: 250
================================================================================

2019-11-26 01:23:52,001 [INFO]    Synchronized methods
2019-11-26 01:23:52,066 [INFO]    Statements accessing global variables
2019-11-26 01:23:52,399 [INFO]    Statements accessing object variables
2019-11-26 01:23:52,443 [INFO]    Synchronized blocks
2019-11-26 01:23:52,479 [INFO]    Remove annotations in threaded class methods
2019-11-26 01:23:52,556 [DEBUG]   Introduced a total of 10 annotations
2019-11-26 01:23:52,557 [DEBUG]   Output files saved at 'core/annotate/out'
2019-11-26 02:05:17,108 [DEBUG]   Completed in 2484 seconds and 550.886 milliseconds
2019-11-26 02:05:17,110 [DEBUG]   Project details by annotation ID stored at: 'core/volumes/log/details/v1_v2__250__20191125202351970860__annotation-details.log'
2019-11-26 02:05:17,110 [INFO]    Using binary search
2019-11-26 02:05:17,110 [DEBUG]   Using 250 sample test run(s)
2019-11-26 02:05:17,111 [INFO]    Difference threshold entered: 0
2019-11-26 02:05:17,111 [INFO]    Calculate relevance threshold
2019-11-26 02:06:46,002 [INFO]    Relevancy threshold computed: 0.0
2019-11-26 02:06:46,002 [DEBUG]   No failed tests were recorded, causing the benchmark to be zero
2019-11-26 02:06:46,002 [DEBUG]   Current highest failure rate: [1, 10]: 0%
2019-11-26 02:06:46,002 [INFO]    Noise and test first half: [1, 5]
2019-11-26 02:18:41,842 [DEBUG]   Failure rate: 0.0
2019-11-26 02:18:41,842 [INFO]    Noise and test second half: [6, 10]
2019-11-26 02:30:54,680 [DEBUG]   Failure rate: 0.0
2019-11-26 02:30:54,680 [DEBUG]   Search paths are not different enough
2019-11-26 02:30:54,680 [DEBUG]   Trying again... (attempt 2/5)
2019-11-26 02:30:54,681 [DEBUG]   Current highest failure rate: [1, 10]: 0%
2019-11-26 02:30:54,681 [INFO]    Noise and test first half: [1, 5]
2019-11-26 02:42:47,383 [DEBUG]   Failure rate: 0.0
2019-11-26 02:42:47,383 [INFO]    Noise and test second half: [6, 10]
2019-11-26 02:54:53,638 [DEBUG]   Failure rate: 0.0
2019-11-26 02:54:53,639 [DEBUG]   Search paths are not different enough
2019-11-26 02:54:53,639 [DEBUG]   Trying again... (attempt 3/5)
2019-11-26 02:54:53,639 [DEBUG]   Current highest failure rate: [1, 10]: 0%
2019-11-26 02:54:53,639 [INFO]    Noise and test first half: [1, 5]
2019-11-26 03:06:40,194 [DEBUG]   Failure rate: 0.0
2019-11-26 03:06:40,194 [INFO]    Noise and test second half: [6, 10]
2019-11-26 03:18:45,086 [DEBUG]   Failure rate: 0.004
2019-11-26 03:18:45,087 [DEBUG]   Proceed with [6, 10], discard [1, 5]
2019-11-26 03:18:45,087 [DEBUG]   Current highest failure rate: [6, 10]: 0.4%
2019-11-26 03:18:45,087 [INFO]    Noise and test first half: [6, 8]
2019-11-26 03:28:27,366 [DEBUG]   Failure rate: 0.0
2019-11-26 03:28:27,367 [INFO]    Noise and test second half: [9, 10]
2019-11-26 03:33:04,669 [DEBUG]   Failure rate: 0.0
2019-11-26 03:33:04,669 [DEBUG]   Search paths are not different enough
2019-11-26 03:33:04,670 [DEBUG]   Trying again... (attempt 2/5)
2019-11-26 03:33:04,670 [DEBUG]   Current highest failure rate: [6, 10]: 0.4%
2019-11-26 03:33:04,670 [INFO]    Noise and test first half: [6, 8]
2019-11-26 03:42:43,430 [DEBUG]   Failure rate: 0.0
2019-11-26 03:42:43,431 [INFO]    Noise and test second half: [9, 10]
2019-11-26 03:47:20,986 [DEBUG]   Failure rate: 0.0
2019-11-26 03:47:20,986 [DEBUG]   Search paths are not different enough
2019-11-26 03:47:20,986 [DEBUG]   Trying again... (attempt 3/5)
2019-11-26 03:47:20,986 [DEBUG]   Current highest failure rate: [6, 10]: 0.4%
2019-11-26 03:47:20,986 [INFO]    Noise and test first half: [6, 8]
2019-11-26 03:57:08,918 [DEBUG]   Failure rate: 0.004
2019-11-26 03:57:08,919 [INFO]    Noise and test second half: [9, 10]
2019-11-26 04:01:44,174 [DEBUG]   Failure rate: 0.0
2019-11-26 04:01:44,175 [DEBUG]   Proceed with [6, 8], discard [9, 10]
2019-11-26 04:01:44,175 [DEBUG]   Current highest failure rate: [6, 8]: 0.4%
2019-11-26 04:01:44,175 [INFO]    Noise and test first half: [6, 7]
2019-11-26 04:08:59,476 [DEBUG]   Failure rate: 0.0
2019-11-26 04:08:59,476 [INFO]    Noise and test second half: [8, 8]
2019-11-26 04:13:36,716 [DEBUG]   Failure rate: 0.0
2019-11-26 04:13:36,716 [DEBUG]   Search paths are not different enough
2019-11-26 04:13:36,717 [DEBUG]   Trying again... (attempt 2/5)
2019-11-26 04:13:36,717 [DEBUG]   Current highest failure rate: [6, 8]: 0.4%
2019-11-26 04:13:36,717 [INFO]    Noise and test first half: [6, 7]
2019-11-26 04:20:50,531 [DEBUG]   Failure rate: 0.0
2019-11-26 04:20:50,531 [INFO]    Noise and test second half: [8, 8]
2019-11-26 04:25:25,937 [DEBUG]   Failure rate: 0.0
2019-11-26 04:25:25,937 [DEBUG]   Search paths are not different enough
2019-11-26 04:25:25,937 [DEBUG]   Trying again... (attempt 3/5)
2019-11-26 04:25:25,938 [DEBUG]   Current highest failure rate: [6, 8]: 0.4%
2019-11-26 04:25:25,938 [INFO]    Noise and test first half: [6, 7]
2019-11-26 04:32:38,385 [DEBUG]   Failure rate: 0.0
2019-11-26 04:32:38,386 [INFO]    Noise and test second half: [8, 8]
2019-11-26 04:37:17,699 [DEBUG]   Failure rate: 0.0
2019-11-26 04:37:17,700 [DEBUG]   Search paths are not different enough
2019-11-26 04:37:17,700 [DEBUG]   Trying again... (attempt 4/5)
2019-11-26 04:37:17,700 [DEBUG]   Current highest failure rate: [6, 8]: 0.4%
2019-11-26 04:37:17,701 [INFO]    Noise and test first half: [6, 7]
2019-11-26 04:44:34,237 [DEBUG]   Failure rate: 0.0
2019-11-26 04:44:34,237 [INFO]    Noise and test second half: [8, 8]
2019-11-26 04:49:12,047 [DEBUG]   Failure rate: 0.0
2019-11-26 04:49:12,047 [DEBUG]   Search paths are not different enough
2019-11-26 04:49:12,047 [DEBUG]   Trying again... (attempt 5/5)
2019-11-26 04:49:12,048 [DEBUG]   Current highest failure rate: [6, 8]: 0.4%
2019-11-26 04:49:12,048 [INFO]    Noise and test first half: [6, 7]
2019-11-26 04:56:24,158 [DEBUG]   Failure rate: 0.0
2019-11-26 04:56:24,158 [INFO]    Noise and test second half: [8, 8]
2019-11-26 05:01:01,816 [DEBUG]   Failure rate: 0.0
2019-11-26 05:01:01,817 [DEBUG]   Search paths are not different enough
2019-11-26 05:01:01,817 [DEBUG]   All attempts exhausted.
2019-11-26 05:01:01,817 [INFO]    Parse and store container runtime metrics

Average CPU usage: 73.90%
Average memory usage: 0.50%
Average number of PIDs: 26.00

2019-11-26 05:01:02,198 [DEBUG]   Exhaustive approach finished in 2484 seconds and 550.886 milliseconds
2019-11-26 05:01:02,198 [INFO]    CFLASH finished in 13029 seconds and 844.797 milliseconds
2019-11-26 05:01:02,198 [DEBUG]   Annotation ID ranges and failure rates for buggy vicinities found:
2019-11-26 05:01:02,198 [DEBUG]   [6 ,10]: 0.4%
2019-11-26 05:01:02,198 [DEBUG]   [6 ,8]: 0.4%
2019-11-26 05:01:02,198 [INFO]    Potentially buggy code found in 5 vicinities:
2019-11-26 05:01:02,199 [INFO]
--> Annotation ID: 6 (0.40%)
Type: statement
File: Account.java
Class: Account
Method: void transfer (Account toAccount, double amount)
Statement content: if (toAccount == this) return;

2019-11-26 05:01:02,199 [INFO]
--> Annotation ID: 7 (0.40%)
Type: statement
File: Account.java
Class: Account
Method: void transfer (Account toAccount, double amount)
Statement content: this.balance -= amount;

2019-11-26 05:01:02,199 [INFO]
--> Annotation ID: 8 (0.40%)
Type: statement
File: Account.java
Class: Account
Method: void transfer (Account toAccount, double amount)
Statement content: toAccount.balance += amount;

2019-11-26 05:01:02,200 [INFO]
--> Annotation ID: 9 (0.40%)
Type: statement
File: Account.java
Class: Account
Method: void transfer (Account toAccount, double amount)
Statement content: System.out.println ("\nTransferring...\n" + "Amount: $" + amount + "\nFrom account: " + this.name + " (new balance: $" + this.balance + ")\nTo account " + toAccount.name + " (new balance: $" + toAccount.balance + ")")

2019-11-26 05:01:02,200 [INFO]
--> Annotation ID: 10 (0.40%)
Type: statement
File: Main.java
Class: Main
Method: private static String toStringAll ()
Statement content: str += "Account: " + account.name + " -> balance $" + account.balance + "\n";

