{
    "1": {
        "class": "Account",
        "content": "this.balance += amount;\n        System.out.println (\"\\nDepositing...\\n\" + \"Amount: $\" + amount + \"\\nInto account: \" + this.name + \" (new balance: $\" + this.balance + \")\");",
        "failure-rate": 0.0,
        "file": "Account.java",
        "method": "synchronized void deposit (double amount)",
        "type": "method"
    },
    "2": {
        "class": "Account",
        "content": "this.balance -= amount;\n        System.out.println (\"\\nWithdrawing...\\n\" + \"Amount: $\" + amount + \"\\nFrom account: \" + this.name + \" (new balance: $\" + this.balance + \")\");",
        "failure-rate": 0.0,
        "file": "Account.java",
        "method": "synchronized void withdraw (double amount)",
        "type": "method"
    },
    "3": {
        "class": "Account",
        "content": "if (this.number > toAccount.number) {",
        "failure-rate": 0.0,
        "file": "Account.java",
        "method": "void transfer (Account toAccount, double amount)",
        "type": "statement"
    },
    "4": {
        "class": "Account",
        "content": "secondLock = toAccount;",
        "failure-rate": 0.0,
        "file": "Account.java",
        "method": "void transfer (Account toAccount, double amount)",
        "type": "statement"
    },
    "5": {
        "class": "Account",
        "content": "firstLock = toAccount;",
        "failure-rate": 0.0,
        "file": "Account.java",
        "method": "void transfer (Account toAccount, double amount)",
        "type": "statement"
    },
    "6": {
        "class": "Account",
        "content": "if (toAccount == this) return;",
        "failure-rate": 0.0,
        "file": "Account.java",
        "method": "void transfer (Account toAccount, double amount)",
        "type": "statement"
    },
    "7": {
        "class": "Account",
        "content": "this.balance -= amount;",
        "failure-rate": 0.0,
        "file": "Account.java",
        "method": "void transfer (Account toAccount, double amount)",
        "type": "statement"
    },
    "8": {
        "class": "Account",
        "content": "toAccount.balance += amount;",
        "failure-rate": 0.0,
        "file": "Account.java",
        "method": "void transfer (Account toAccount, double amount)",
        "type": "statement"
    },
    "9": {
        "class": "Account",
        "content": "System.out.println (\"\\nTransferring...\\n\" + \"Amount: $\" + amount + \"\\nFrom account: \" + this.name + \" (new balance: $\" + this.balance + \")\\nTo account \" + toAccount.name + \" (new balance: $\" + toAccount.balance + \")\")",
        "failure-rate": 0.0,
        "file": "Account.java",
        "method": "void transfer (Account toAccount, double amount)",
        "type": "statement"
    },
    "10": {
        "class": "Main",
        "content": "str += \"Account: \" + account.name + \" -> balance $\" + account.balance + \"\\n\";",
        "failure-rate": 0.0,
        "file": "Main.java",
        "method": "private static String toStringAll ()",
        "type": "statement"
    }
}