================================================================================
Date: Tuesday, November 12, 2019
Time: 12:51:48 PM EST

* Project root: ../Data/data/airplane-ticketing/no-bug
* Source code: src
* Project test suite: test
* Number of test runs: 500
================================================================================

2019-11-12 17:51:48,747 [INFO]    Synchronized methods
2019-11-12 17:51:48,773 [INFO]    Statements accessing global variables
2019-11-12 17:51:48,964 [INFO]    Statements accessing object variables
2019-11-12 17:51:48,999 [INFO]    Synchronized blocks
2019-11-12 17:51:49,024 [INFO]    Remove annotations in threaded class methods
2019-11-12 17:51:49,093 [DEBUG]   Introduced a total of 3 annotations
2019-11-12 17:51:49,094 [DEBUG]   Output files saved at 'core/annotate/out'
2019-11-12 18:31:01,115 [DEBUG]   Completed in 2352 seconds and 20.456 milliseconds
2019-11-12 18:31:01,116 [DEBUG]   Project details by annotation ID stored at: 'core/volumes/log/details/no-bug__500__20191112125148635017__annotation-details.log'
2019-11-12 18:31:01,116 [DEBUG]   Temporarily skipping "Search" step...
2019-11-12 18:31:01,117 [INFO]    Parse and store container runtime metrics

Average CPU usage: 41.32%
Average memory usage: 0.37%
Average number of PIDs: 28.59

2019-11-12 18:31:03,695 [DEBUG]   Exhaustive approach finished in 2352 seconds and 20.456 milliseconds
2019-11-12 18:31:03,695 [INFO]    CFLASH finished in 2352 seconds and 481.153 milliseconds
2019-11-12 18:31:03,696 [DEBUG]   No bugs found
2019-11-12 18:31:03,696 [INFO]    Temporarily skipping "Search" step...
