{
    "1": {
        "class": "TicketNumber",
        "content": "if (ticketsSold + num <= ticketsAvailable) {\n\n            ticketsSold += num;\n            return true;\n        }\n        else {\n\n            return false;\n        }",
        "failure-rate": 0.0,
        "file": "TicketNumber.java",
        "method": "public synchronized boolean updateTickets (double num)",
        "type": "method"
    },
    "2": {
        "class": "TicketNumber",
        "content": "return (ticketsAvailable == ticketsSold)",
        "failure-rate": 0.0,
        "file": "TicketNumber.java",
        "method": "public boolean soldAllTickets ()",
        "type": "statement"
    },
    "3": {
        "class": "TicketNumber",
        "content": "return ticketsSold",
        "failure-rate": 0.0,
        "file": "TicketNumber.java",
        "method": "public double getTicketsSold ()",
        "type": "statement"
    }
}